2022-04-07 10:17:14.806  INFO 12112 --- [XNIO-1 I/O-2] lavalink.server.io.SocketServer          : {"op":"volume","guildId":"958080471563108372","volume":100}
2022-04-07 10:17:14.809  INFO 12112 --- [XNIO-1 I/O-2] lavalink.server.io.SocketServer          : {"op":"stop","guildId":"958080471563108372"}
2022-04-07 10:17:14.812  INFO 12112 --- [XNIO-1 task-9] l.server.player.AudioLoaderRestHandler   : Got request to load for identifier "ytsearch:noa - monsters"
2022-04-07 10:17:15.266  INFO 12112 --- [lava-daemon-pool-info-loader-2-thread-1] lavalink.server.player.AudioLoader       : Loaded playlist Search results for: noa - monsters
2022-04-07 10:17:15.271  INFO 12112 --- [XNIO-1 I/O-2] lavalink.server.io.SocketServer          : {"op":"play","guildId":"958080471563108372","track":"QAAAbAIADk5PQSAtIE1vbnN0ZXJzAARLb3JvAAAAAAAD2GAAC3Q3aHJ1a1c1anhvAAEAK2h0dHBzOi8vd3d3LnlvdXR1YmUuY29tL3dhdGNoP3Y9dDdocnVrVzVqeG8AB3lvdXR1YmUAAAAAAAAAAA=="}
2022-04-07 10:17:15.272  INFO 12112 --- [XNIO-1 I/O-2] lavalink.server.io.SocketServer          : {"op":"volume","guildId":"958080471563108372","volume":20}
2022-04-07 10:17:15.350  INFO 12112 --- [XNIO-1 I/O-2] lavalink.server.io.SocketServer          : {"sessionId":"392000aa13215952d4f581d10b0ffd5f","op":"voiceUpdate","guildId":"958080471563108372","event":{"token":"3a41ce5fbc7c2ce0","guild_id":"958080471563108372","endpoint":"rotterdam3891.discord.media:443"}}
2022-04-07 10:21:27.615  INFO 12112 --- [XNIO-1 task-11] l.server.player.AudioLoaderRestHandler   : Got request to load for identifier "ytsearch:Geoxor - Moonlight"
2022-04-07 10:21:28.127  INFO 12112 --- [lava-daemon-pool-info-loader-2-thread-1] lavalink.server.player.AudioLoader       : Loaded playlist Search results for: Geoxor - Moonlight
2022-04-07 10:21:28.133  INFO 12112 --- [XNIO-1 I/O-2] lavalink.server.io.SocketServer          : {"op":"play","guildId":"958080471563108372","track":"QAAAjwIAL0dlb3hvciAtIE1vb25saWdodCAoT2ZmaWNpYWwgUGVyZm9ybWFuY2UgVmlkZW8pAAZHZW94b3IAAAAAAAVPYAALaFVzMC1ncUJ1bFEAAQAraHR0cHM6Ly93d3cueW91dHViZS5jb20vd2F0Y2g/dj1oVXMwLWdxQnVsUQAHeW91dHViZQAAAAAAAAAA"}
2022-04-07 10:27:16.534  INFO 12112 --- [XNIO-1 task-13] l.server.player.AudioLoaderRestHandler   : Got request to load for identifier "ytsearch:Kordhell - Live Another Day"
2022-04-07 10:27:17.130  INFO 12112 --- [lava-daemon-pool-info-loader-2-thread-1] lavalink.server.player.AudioLoader       : Loaded playlist Search results for: Kordhell - Live Another Day
2022-04-07 10:27:17.132  INFO 12112 --- [XNIO-1 I/O-2] lavalink.server.io.SocketServer          : {"op":"play","guildId":"958080471563108372","track":"QAAAfQIAG0tvcmRoZWxsIC0gTGl2ZSBBbm90aGVyIERheQAIS29yZGhlbGwAAAAAAAILcAALN3BtVVFKNUtBbFUAAQAraHR0cHM6Ly93d3cueW91dHViZS5jb20vd2F0Y2g/dj03cG1VUUo1S0FsVQAHeW91dHViZQAAAAAAAAAA"}
2022-04-07 10:29:31.214  INFO 12112 --- [XNIO-1 task-15] l.server.player.AudioLoaderRestHandler   : Got request to load for identifier "ytsearch:S3RL - Wanna Fight Huh"
2022-04-07 10:29:31.692  INFO 12112 --- [lava-daemon-pool-info-loader-2-thread-1] lavalink.server.player.AudioLoader       : Loaded playlist Search results for: S3RL - Wanna Fight Huh
2022-04-07 10:29:31.698  INFO 12112 --- [XNIO-1 I/O-2] lavalink.server.io.SocketServer          : {"op":"play","guildId":"958080471563108372","track":"QAAAdAIAFldhbm5hIEZpZ2h0IEh1aCAtIFMzUkwABFMzUkwAAAAAAAM4OAALOFc3WlMyYWhsY2MAAQAraHR0cHM6Ly93d3cueW91dHViZS5jb20vd2F0Y2g/dj04VzdaUzJhaGxjYwAHeW91dHViZQAAAAAAAAAA"}
2022-04-07 10:33:02.294  INFO 12112 --- [XNIO-1 task-1] l.server.player.AudioLoaderRestHandler   : Got request to load for identifier "ytsearch:Dirty Palm - Oblivion"
2022-04-07 10:33:02.782  INFO 12112 --- [lava-daemon-pool-info-loader-2-thread-1] lavalink.server.player.AudioLoader       : Loaded playlist Search results for: Dirty Palm - Oblivion
2022-04-07 10:33:02.785  INFO 12112 --- [XNIO-1 I/O-2] lavalink.server.io.SocketServer          : {"op":"play","guildId":"958080471563108372","track":"QAAAjgIAKkRpcnR5IFBhbG0gLSBPYmxpdmlvbiAoZmVhdC4gTWljYWggTWFydGluKQAKRGlydHkgUGFsbQAAAAAAA3qgAAt1TkE5QTNicUhJSQABACtodHRwczovL3d3dy55b3V0dWJlLmNvbS93YXRjaD92PXVOQTlBM2JxSElJAAd5b3V0dWJlAAAAAAAAAAA="}
2022-04-07 10:36:50.574  INFO 12112 --- [XNIO-1 task-3] l.server.player.AudioLoaderRestHandler   : Got request to load for identifier "ytsearch:Gammer - THE DROP - Darren Styles Remix"
2022-04-07 10:36:51.053  INFO 12112 --- [lava-daemon-pool-info-loader-2-thread-1] lavalink.server.player.AudioLoader       : Loaded playlist Search results for: Gammer - THE DROP - Darren Styles Remix
2022-04-07 10:36:51.056  INFO 12112 --- [XNIO-1 I/O-2] lavalink.server.io.SocketServer          : {"op":"play","guildId":"958080471563108372","track":"QAAAiwIAJ0dhbW1lciAtIFRIRSBEUk9QIChEYXJyZW4gU3R5bGVzIFJlbWl4KQAKVW5mZWF0dXJlZAAAAAAAA0vAAAtzY1NRdGo5WFhEUQABACtodHRwczovL3d3dy55b3V0dWJlLmNvbS93YXRjaD92PXNjU1F0ajlYWERRAAd5b3V0dWJlAAAAAAAAAAA="}
2022-04-07 10:40:27.534  INFO 12112 --- [XNIO-1 task-5] l.server.player.AudioLoaderRestHandler   : Got request to load for identifier "ytsearch:Brawl Bro - Champions (in Brawl Stars)"
2022-04-07 10:40:28.030  INFO 12112 --- [lava-daemon-pool-info-loader-2-thread-1] lavalink.server.player.AudioLoader       : Loaded playlist Search results for: Brawl Bro - Champions (in Brawl Stars)
2022-04-07 10:40:28.033  INFO 12112 --- [XNIO-1 I/O-2] lavalink.server.io.SocketServer          : {"op":"play","guildId":"958080471563108372","track":"QAAAngIAO0JyYXdsIEJybyAtIENoYW1waW9ucyAoSW4gQnJhd2wgU3RhcnMpIE9mZmljaWFsIE11c2ljIFZpZGVvAAlCcmF3bCBCcm8AAAAAAAH70AALaXN5emlHSWkyTG8AAQAraHR0cHM6Ly93d3cueW91dHViZS5jb20vd2F0Y2g/dj1pc3l6aUdJaTJMbwAHeW91dHViZQAAAAAAAAAA"}
2022-04-07 10:42:38.575  INFO 12112 --- [XNIO-1 task-7] l.server.player.AudioLoaderRestHandler   : Got request to load for identifier "ytsearch:Neverlove - Лолихантер"
2022-04-07 10:42:38.992  INFO 12112 --- [lava-daemon-pool-info-loader-2-thread-1] lavalink.server.player.AudioLoader       : Loaded playlist Search results for: Neverlove - Лолихантер
2022-04-07 10:42:38.995  INFO 12112 --- [XNIO-1 I/O-2] lavalink.server.io.SocketServer          : {"op":"play","guildId":"958080471563108372","track":"QAAAdwIAFNCb0L7Qu9C40YXQsNC90YLQtdGAAAlORVZFUkxPVkUAAAAAAAJxAAALbWZ0RFlRQ0h5TzAAAQAraHR0cHM6Ly93d3cueW91dHViZS5jb20vd2F0Y2g/dj1tZnREWVFDSHlPMAAHeW91dHViZQAAAAAAAAAA"}
2022-04-07 10:45:19.414  INFO 12112 --- [XNIO-1 task-9] l.server.player.AudioLoaderRestHandler   : Got request to load for identifier "ytsearch:S3RL - Hentai"
2022-04-07 10:45:19.856  INFO 12112 --- [lava-daemon-pool-info-loader-2-thread-1] lavalink.server.player.AudioLoader       : Loaded playlist Search results for: S3RL - Hentai
2022-04-07 10:45:19.866  INFO 12112 --- [XNIO-1 I/O-2] lavalink.server.io.SocketServer          : {"op":"play","guildId":"958080471563108372","track":"QAAAggIAJEhlbnRhaSAtIFMzUkwgKENFTlNPUkVEIChldmVuIG1vcmUpKQAEUzNSTAAAAAAAAtKoAAtjTmd5dUh0QkJXOAABACtodHRwczovL3d3dy55b3V0dWJlLmNvbS93YXRjaD92PWNOZ3l1SHRCQlc4AAd5b3V0dWJlAAAAAAAAAAA="}
2022-04-07 10:45:19.962  WARN 12112 --- [lava-daemon-pool-playback-1-thread-40] c.s.d.l.s.y.DefaultYoutubeTrackDetails   : Video cNgyuHtBBW8 with no detected format field, response {"responseContext":{"visitorData":"CgswSmhFcm9WSExLSSihrbqSBg%3D%3D","serviceTrackingParams":[{"service":"GFEEDBACK","params":[{"key":"is_viewed_live","value":"False"},{"key":"logged_in","value":"0"},{"key":"e","value":"24118644,24123943,24164186,24196598,24191629,24185614,24145515,1714241,23934970,23998056,24036947,24007246,24085811,24082661,23888716,24106839,24135310,24021124,24194403,24161848,24004644,24187515,24149832,24190280,24176755,24077266,24151647,24182585,24138064,24186023,24175488,24167383,23744176,24131399,24074379,24001373,24054345,24080738,24186508,24185349,24165080,24063124,39321475,23918597,24120819,23946420,24134697,23843877,23966208,24169726,24077241,9405994,24180089,24034168,24140247,23991608,24138442,24158384,24196304,24570077,24189899,23983296,23858058,24196887,24181175,24177193,24184785,24187043,23748146,23882503,24193979,24184051,24117491"}]},{"service":"CSI","params":[{"key":"c","value":"ANDROID"},{"key":"cver","value":"16.24"},{"key":"yt_li","value":"0"},{"key":"GetPlayer_rid","value":"0x5bf8e0920ecf9eb1"}]},{"service":"GUIDED_HELP","params":[{"key":"logged_in","value":"0"}]},{"service":"ECATCHER","params":[{"key":"client.version","value":"16.24"},{"key":"client.name","value":"ANDROID"},{"key":"client.fexp","value":"24118644,24123943,24164186,24196598,24191629,24185614,24145515,1714241,23934970,23998056,24036947,24007246,24085811,24082661,23888716,24106839,24135310,24021124,24194403,24161848,24004644,24187515,24149832,24190280,24176755,24077266,24151647,24182585,24138064,24186023,24175488,24167383,23744176,24131399,24074379,24001373,24054345,24080738,24186508,24185349,24165080,24063124,39321475,23918597,24120819,23946420,24134697,23843877,23966208,24169726,24077241,9405994,24180089,24034168,24140247,23991608,24138442,24158384,24196304,24570077,24189899,23983296,23858058,24196887,24181175,24177193,24184785,24187043,23748146,23882503,24193979,24184051,24117491"}]},{"service":"LISTNR","params":[{"key":"e","value":"24036947,24054345,24191629,24180089,24030282,24135310,24106839,24149832,24186508,24138064,24176755,24175488,24024517,24184051,24167383,24117491,24145515,24074379,24184785,24570077,39321475,24189899,24193979,24190280,24152482,24164186,24185614,24140247,24181175,24196304,24033252,24177193"}]},{"service":"SUGGEST","params":[{"key":"sugexp","value":"svtre1,ytpso.bo.me=1,ytpsoso.bo.me=1,ytpso.fc=1,ytpsoso.fc=1,ytpso.bo.bro.e=1,ytpsoso.bo.bro.e=1,ytpso.bo.bro.es=1,ytpsoso.bo.bro.es=1,ytpso.bo.bro.mi=24191665,ytpsoso.bo.bro.mi=24191665,cfro=1,ytpso.bo.me=0,ytpsoso.bo.me=0,ytpso.fc=1,ytpsoso.fc=1,ytpso.bo.bro.e=1,ytpsoso.bo.bro.e=1,ytpso.bo.bro.es=1,ytpsoso.bo.bro.es=1,ytpso.bo.bro.mi=24188382,ytpsoso.bo.bro.mi=24188382"}]}]},"trackingParams":"CAAQu2kiEwinhOHPuoH3AhWKJZsKHWqZDpo=","playabilityStatus":{"status":"LOGIN_REQUIRED","reason":"This video may be inappropriate for some users.","errorScreen":{"confirmDialogRenderer":{"title":{"runs":[{"text":"You must sign in to view this video"}]},"trackingParams":"CAIQxjgiEwinhOHPuoH3AhWKJZsKHWqZDpo=","dialogMessages":[{"runs":[{"text":"This video may be inappropriate for some users."}]}],"confirmButton":{"buttonRenderer":{"style":"STYLE_BLUE_TEXT","size":"SIZE_DEFAULT","isDisabled":false,"text":{"runs":[{"text":"Sign in"}]},"trackingParams":"CAQQ8FsiEwinhOHPuoH3AhWKJZsKHWqZDpo="}},"cancelButton":{"buttonRenderer":{"style":"STYLE_BLUE_TEXT","size":"SIZE_DEFAULT","isDisabled":false,"text":{"runs":[{"text":"Go back"}]},"trackingParams":"CAMQ8FsiEwinhOHPuoH3AhWKJZsKHWqZDpo="}}}},"desktopLegacyAgeGateReason":1,"reasonTitle":"You must sign in to view this video","contextParams":"Q0FFU0FnZ0I="},"videoDetails":{"videoId":"cNgyuHtBBW8","title":"Hentai - S3RL (CENSORED (even more))","lengthSeconds":"185","keywords":["Happy Hardcore"],"channelId":"UCb6JTMjrHZCYFD9Y04CBk9g","isOwnerViewing":false,"shortDescription":"Due to the original (already censored) version being taken down, here is a super heavy duty censored version so that the more 'sensitive' viewers have less to complain about ;)\n\nWatch original version here - https://forum.djs3rl.com/media/hentai-s3rl-original-video.179/\n\nRadio Edit\n- iTunes - https://itunes.apple.com/au/album/hentai-single/id1056385675\n- Google Play - https://play.google.com/store/music/album/S3RL_Hentai?id=Bxa2vv4vrnsm6vtobxprjutuaxa\n- Spotify - https://open.spotify.com/album/5tRJmtQfITGPugDA8W4rt6\n\nDJ Edit\n- BeatPort - https://pro.beatport.com/release/hentai/1647985\n- TrackItDown - https://www.trackitdown.net/track/s3rl/hentai-dj-edit/hardcore/8857972.html\n\nOSU Beatmap - https://swash.s-ul.eu/VQlUrM3D\n\nAudio samples from Oni ChiChi\nBackground videos (were) -\n - Witches & Tenticles\n - Rapeman Forever (Parody)\n - Demon Busters\n - Etsuraku No Tane\n\nCheck out https://djs3rl.com/ for more content =)","isCrawlable":true,"thumbnail":{"thumbnails":[{"url":"https://i.ytimg.com/vi/cNgyuHtBBW8/default.jpg","width":120,"height":90},{"url":"https://i.ytimg.com/vi/cNgyuHtBBW8/mqdefault.jpg","width":320,"height":180},{"url":"https://i.ytimg.com/vi/cNgyuHtBBW8/hqdefault.jpg","width":480,"height":360},{"url":"https://i.ytimg.com/vi/cNgyuHtBBW8/sddefault.jpg","width":640,"height":480}]},"allowRatings":true,"viewCount":"2856856","author":"S3RL","isPrivate":false,"isUnpluggedCorpus":false,"isLiveContent":false},"playerSettingsMenuData":{"loggingDirectives":{"trackingParams":"CAEQtc4GIhMIp4Thz7qB9wIViiWbCh1qmQ6a","visibility":{"types":"12"}}},"frameworkUpdates":{"entityBatchUpdate":{"mutations":[{"entityKey":"Eg0KC2NOZ3l1SHRCQlc4IPYBKAE%3D","type":"ENTITY_MUTATION_TYPE_REPLACE","payload":{"offlineabilityEntity":{"key":"Eg0KC2NOZ3l1SHRCQlc4IPYBKAE%3D","addToOfflineButtonState":"ADD_TO_OFFLINE_BUTTON_STATE_UNKNOWN"}}}],"timestamp":{"seconds":"1649317537","nanos":972409818}}}} polymer null
2022-04-07 10:45:19.963  WARN 12112 --- [lava-daemon-pool-playback-1-thread-40] c.s.d.l.t.p.LocalAudioTrackExecutor      : Suspicious exception for playback of cNgyuHtBBW8

com.sedmelluq.discord.lavaplayer.tools.FriendlyException: Unable to play this YouTube track.
	at com.sedmelluq.discord.lavaplayer.source.youtube.DefaultYoutubeTrackDetails.loadTrackFormats(DefaultYoutubeTrackDetails.java:79) ~[lavaplayer-fork-1.3.96.jar!/:na]
	at com.sedmelluq.discord.lavaplayer.source.youtube.DefaultYoutubeTrackDetails.getFormats(DefaultYoutubeTrackDetails.java:49) ~[lavaplayer-fork-1.3.96.jar!/:na]
	at com.sedmelluq.discord.lavaplayer.source.youtube.YoutubeAudioTrack.loadBestFormatWithUrl(YoutubeAudioTrack.java:83) ~[lavaplayer-fork-1.3.96.jar!/:na]
	at com.sedmelluq.discord.lavaplayer.source.youtube.YoutubeAudioTrack.process(YoutubeAudioTrack.java:42) ~[lavaplayer-fork-1.3.96.jar!/:na]
	at com.sedmelluq.discord.lavaplayer.track.playback.LocalAudioTrackExecutor.execute(LocalAudioTrackExecutor.java:104) ~[lavaplayer-fork-1.3.96.jar!/:na]
	at com.sedmelluq.discord.lavaplayer.player.DefaultAudioPlayerManager.lambda$executeTrack$1(DefaultAudioPlayerManager.java:348) ~[lavaplayer-fork-1.3.96.jar!/:na]
	at java.base/java.util.concurrent.ThreadPoolExecutor.runWorker(ThreadPoolExecutor.java:1128) ~[na:na]
	at java.base/java.util.concurrent.ThreadPoolExecutor$Worker.run(ThreadPoolExecutor.java:628) ~[na:na]
	at java.base/java.lang.Thread.run(Thread.java:830) ~[na:na]
	Suppressed: com.sedmelluq.discord.lavaplayer.tools.exception.EnvironmentInformation: 
  lavaplayer.version: 1.3.96-original
  os.arch: amd64
  os.name: Linux
  os.version: 5.4.0-107-generic
  java.vendor: Private Build
  java.version: 13.0.7
  java.runtime.version: 13.0.7+5-Ubuntu-0ubuntu120.04
  java.vm.version: 13.0.7+5-Ubuntu-0ubuntu120.04
Caused by: java.lang.IllegalStateException: No track formats found.
	... 9 common frames omitted

2022-04-07 10:45:19.965  INFO 12112 --- [XNIO-1 I/O-2] lavalink.server.io.SocketServer          : {"op":"stop","guildId":"958080471563108372"}
2022-04-07 10:45:19.965  INFO 12112 --- [XNIO-1 I/O-2] lavalink.server.io.SocketServer          : {"op":"stop","guildId":"958080471563108372"}
2022-04-07 10:45:19.969  INFO 12112 --- [XNIO-1 task-11] l.server.player.AudioLoaderRestHandler   : Got request to load for identifier "ytsearch:Nanahira - senpai, notice me!"
2022-04-07 10:45:20.423  INFO 12112 --- [lava-daemon-pool-info-loader-2-thread-1] lavalink.server.player.AudioLoader       : Loaded playlist Search results for: Nanahira - senpai, notice me!
2022-04-07 10:45:20.429  INFO 12112 --- [XNIO-1 I/O-2] lavalink.server.io.SocketServer          : {"op":"play","guildId":"958080471563108372","track":"QAAAgwIAEnNlbnBhaSwgbm90aWNlIG1lIQAX44Gq44Gq44Gy44KJIC8gTmFuYWhpcmEAAAAAAARJqAALX2JwOE5YN0JBQjAAAQAraHR0cHM6Ly93d3cueW91dHViZS5jb20vd2F0Y2g/dj1fYnA4Tlg3QkFCMAAHeW91dHViZQAAAAAAAAAA"}
2022-04-07 10:50:01.575  INFO 12112 --- [XNIO-1 task-13] l.server.player.AudioLoaderRestHandler   : Got request to load for identifier "ytsearch:S3RL - Endless Summer"
2022-04-07 10:50:02.107  INFO 12112 --- [lava-daemon-pool-info-loader-2-thread-1] lavalink.server.player.AudioLoader       : Loaded playlist Search results for: S3RL - Endless Summer
2022-04-07 10:50:02.110  INFO 12112 --- [XNIO-1 I/O-2] lavalink.server.io.SocketServer          : {"op":"play","guildId":"958080471563108372","track":"QAAAiAIAKkVuZGxlc3MgU3VtbWVyIC0gUzNSTCAmIERKIFNhdG9taSBmdCBVa2lrbwAEUzNSTAAAAAAAAvXQAAsxYnJOOXZMa3lpRQABACtodHRwczovL3d3dy55b3V0dWJlLmNvbS93YXRjaD92PTFick45dkxreWlFAAd5b3V0dWJlAAAAAAAAAAA="}
2022-04-07 10:53:16.814  INFO 12112 --- [XNIO-1 task-15] l.server.player.AudioLoaderRestHandler   : Got request to load for identifier "ytsearch:S3RL - R4v3 B0y (feat. Krystal)"
2022-04-07 10:53:17.337  INFO 12112 --- [lava-daemon-pool-info-loader-2-thread-1] lavalink.server.player.AudioLoader       : Loaded playlist Search results for: S3RL - R4v3 B0y (feat. Krystal)
2022-04-07 10:53:17.339  INFO 12112 --- [XNIO-1 I/O-2] lavalink.server.io.SocketServer          : {"op":"play","guildId":"958080471563108372","track":"QAAAegIAHFI0VjMgQjBZIC0gUzNSTCBmZWF0IEtyeXN0YWwABFMzUkwAAAAAAAK/IAALWEpBNUloc0REOU0AAQAraHR0cHM6Ly93d3cueW91dHViZS5jb20vd2F0Y2g/dj1YSkE1SWhzREQ5TQAHeW91dHViZQAAAAAAAAAA"}
2022-04-07 10:56:17.574  INFO 12112 --- [XNIO-1 task-1] l.server.player.AudioLoaderRestHandler   : Got request to load for identifier "ytsearch:shadowraze - shadowfiend"
2022-04-07 10:56:18.050  INFO 12112 --- [lava-daemon-pool-info-loader-2-thread-1] lavalink.server.player.AudioLoader       : Loaded playlist Search results for: shadowraze - shadowfiend
2022-04-07 10:56:18.053  INFO 12112 --- [XNIO-1 I/O-2] lavalink.server.io.SocketServer          : {"op":"play","guildId":"958080471563108372","track":"QAAAjQIAJlNoYWRvd3JhemUgLSBzaGFkb3dmaWVuZCAoU2luZ2xlIDIwMjEpAA1NRUxPTUFOIE1VU0lDAAAAAAACMoAAC2RiWThxdk1Xdlk0AAEAK2h0dHBzOi8vd3d3LnlvdXR1YmUuY29tL3dhdGNoP3Y9ZGJZOHF2TVd2WTQAB3lvdXR1YmUAAAAAAAAAAA=="}
2022-04-07 10:58:42.214  INFO 12112 --- [XNIO-1 task-3] l.server.player.AudioLoaderRestHandler   : Got request to load for identifier "ytsearch:Öwnboss - Move Your Body"
2022-04-07 10:58:42.693  INFO 12112 --- [lava-daemon-pool-info-loader-2-thread-1] lavalink.server.player.AudioLoader       : Loaded playlist Search results for: Öwnboss - Move Your Body
2022-04-07 10:58:42.696  INFO 12112 --- [XNIO-1 I/O-2] lavalink.server.io.SocketServer          : {"op":"play","guildId":"958080471563108372","track":"QAAAiQIAIMOWd25ib3NzLCBTZXZlayAtIE1vdmUgWW91ciBCb2R5AA9NdXNpY2FsIEZyZWVkb20AAAAAAAJpMAALVzJyZHNDWjVLX3MAAQAraHR0cHM6Ly93d3cueW91dHViZS5jb20vd2F0Y2g/dj1XMnJkc0NaNUtfcwAHeW91dHViZQAAAAAAAAAA"}
2022-04-07 11:01:20.574  INFO 12112 --- [XNIO-1 task-5] l.server.player.AudioLoaderRestHandler   : Got request to load for identifier "ytsearch:VIZE - Space Melody (Edward Artemyev) (feat. Leony)"
2022-04-07 11:01:21.026  INFO 12112 --- [lava-daemon-pool-info-loader-2-thread-1] lavalink.server.player.AudioLoader       : Loaded playlist Search results for: VIZE - Space Melody (Edward Artemyev) (feat. Leony)
2022-04-07 11:01:21.034  INFO 12112 --- [XNIO-1 I/O-2] lavalink.server.io.SocketServer          : {"op":"play","guildId":"958080471563108372","track":"QAAArAIATlZJWkUgeCBBbGFuIFdhbGtlciDigJMgU3BhY2UgTWVsb2R5IChFZHdhcmQgQXJ0ZW15ZXYpIGZlYXQuIExlb255IChWaXN1YWxpemVyKQAEVklaRQAAAAAAAr8gAAtMd0h6dHNfXzZEVQABACtodHRwczovL3d3dy55b3V0dWJlLmNvbS93YXRjaD92PUx3SHp0c19fNkRVAAd5b3V0dWJlAAAAAAAAAAA="}
2022-04-07 11:04:21.614  INFO 12112 --- [XNIO-1 task-7] l.server.player.AudioLoaderRestHandler   : Got request to load for identifier "ytsearch:S3RL - Dopamine"
2022-04-07 11:04:22.065  INFO 12112 --- [lava-daemon-pool-info-loader-2-thread-1] lavalink.server.player.AudioLoader       : Loaded playlist Search results for: S3RL - Dopamine
2022-04-07 11:04:22.067  INFO 12112 --- [XNIO-1 I/O-2] lavalink.server.io.SocketServer          : {"op":"play","guildId":"958080471563108372","track":"QAAAdQIAF0RvcGFtaW5lIC0gUzNSTCBmdCBTYXJhAARTM1JMAAAAAAAC0qgAC1lxeTdfelVLeU5RAAEAK2h0dHBzOi8vd3d3LnlvdXR1YmUuY29tL3dhdGNoP3Y9WXF5N196VUt5TlEAB3lvdXR1YmUAAAAAAAAAAA=="}
2022-04-07 11:07:26.814  INFO 12112 --- [XNIO-1 task-9] l.server.player.AudioLoaderRestHandler   : Got request to load for identifier "ytsearch:shadowraze - showdown"
2022-04-07 11:07:27.210  INFO 12112 --- [lava-daemon-pool-info-loader-2-thread-1] lavalink.server.player.AudioLoader       : Loaded playlist Search results for: shadowraze - showdown
2022-04-07 11:07:27.213  INFO 12112 --- [XNIO-1 I/O-2] lavalink.server.io.SocketServer          : {"op":"play","guildId":"958080471563108372","track":"QAAArgIASnNoYWRvd3JhemUgLSBzaG93ZG93biAo0J7RhNC40YbQuNCw0LvRjNC90LDRjyDQv9GA0LXQvNGM0LXRgNCwINGC0YDQtdC60LApAApzb3l1em11c2ljAAAAAAAB2KgAC09jNWJJZ3NnMUl3AAEAK2h0dHBzOi8vd3d3LnlvdXR1YmUuY29tL3dhdGNoP3Y9T2M1Yklnc2cxSXcAB3lvdXR1YmUAAAAAAAAAAA=="}
2022-04-07 11:09:27.735  INFO 12112 --- [XNIO-1 task-11] l.server.player.AudioLoaderRestHandler   : Got request to load for identifier "ytsearch:S3RL - Untouchable"
2022-04-07 11:09:28.159  INFO 12112 --- [lava-daemon-pool-info-loader-2-thread-1] lavalink.server.player.AudioLoader       : Loaded playlist Search results for: S3RL - Untouchable
2022-04-07 11:09:28.164  INFO 12112 --- [XNIO-1 I/O-2] lavalink.server.io.SocketServer          : {"op":"play","guildId":"958080471563108372","track":"QAAAfwIAIVVudG91Y2hhYmxlIC0gUzNSTCBmdCBTYXJhICYgTElEQQAEUzNSTAAAAAAAA0+oAAtHZzQ3UkRXQnhmMAABACtodHRwczovL3d3dy55b3V0dWJlLmNvbS93YXRjaD92PUdnNDdSRFdCeGYwAAd5b3V0dWJlAAAAAAAAAAA="}
2022-04-07 11:13:05.774  INFO 12112 --- [XNIO-1 task-13] l.server.player.AudioLoaderRestHandler   : Got request to load for identifier "ytsearch:Infected Mushroom - Guitarmass"
2022-04-07 11:13:06.285  INFO 12112 --- [lava-daemon-pool-info-loader-2-thread-1] lavalink.server.player.AudioLoader       : Loaded playlist Search results for: Infected Mushroom - Guitarmass
2022-04-07 11:13:06.287  INFO 12112 --- [XNIO-1 I/O-2] lavalink.server.io.SocketServer          : {"op":"play","guildId":"958080471563108372","track":"QAAAmAIALUluZmVjdGVkIE11c2hyb29tIC0gRXh0ZW5kZWQgUmVhbGl0eSBTZXQgWzRLXQARSW5mZWN0ZWQgTXVzaHJvb20AAAAAAEVd0AALWURtNkMtM1JKZjAAAQAraHR0cHM6Ly93d3cueW91dHViZS5jb20vd2F0Y2g/dj1ZRG02Qy0zUkpmMAAHeW91dHViZQAAAAAAAAAA"}
2022-04-07 12:28:52.216  INFO 12112 --- [XNIO-1 task-15] l.server.player.AudioLoaderRestHandler   : Got request to load for identifier "ytsearch:Timmy Trumpet - Mad World"
2022-04-07 12:28:52.822  INFO 12112 --- [lava-daemon-pool-info-loader-2-thread-1] lavalink.server.player.AudioLoader       : Loaded playlist Search results for: Timmy Trumpet - Mad World
2022-04-07 12:28:52.827  INFO 12112 --- [XNIO-1 I/O-2] lavalink.server.io.SocketServer          : {"op":"play","guildId":"958080471563108372","track":"QAAApwIAQFRpbW15IFRydW1wZXQgJiBHYWJyeSBQb250ZSDigJMgTWFkIFdvcmxkIChPZmZpY2lhbCBNdXNpYyBWaWRlbykADVRpbW15IFRydW1wZXQAAAAAAAMNQAALeHNnbWpkQzlqWVEAAQAraHR0cHM6Ly93d3cueW91dHViZS5jb20vd2F0Y2g/dj14c2dtamRDOWpZUQAHeW91dHViZQAAAAAAAAAA"}
2022-04-07 12:32:13.094  INFO 12112 --- [XNIO-1 task-1] l.server.player.AudioLoaderRestHandler   : Got request to load for identifier "ytsearch:Kotori - Death from Above"
2022-04-07 12:32:13.551  INFO 12112 --- [lava-daemon-pool-info-loader-2-thread-1] lavalink.server.player.AudioLoader       : Loaded playlist Search results for: Kotori - Death from Above
2022-04-07 12:32:13.560  INFO 12112 --- [XNIO-1 I/O-2] lavalink.server.io.SocketServer          : {"op":"play","guildId":"958080471563108372","track":"QAAAigIAKktvdG9yaSAtIERlYXRoIEZyb20gQWJvdmUgKE9mZmljaWFsIEF1ZGlvKQAGS290b3JpAAAAAAADYzAAC0p6a2toZ25uaFBBAAEAK2h0dHBzOi8vd3d3LnlvdXR1YmUuY29tL3dhdGNoP3Y9Snpra2hnbm5oUEEAB3lvdXR1YmUAAAAAAAAAAA=="}
2022-04-07 12:35:55.335  INFO 12112 --- [XNIO-1 task-3] l.server.player.AudioLoaderRestHandler   : Got request to load for identifier "ytsearch:Melham_Music - Лисьи Бега"
2022-04-07 12:35:55.755  INFO 12112 --- [lava-daemon-pool-info-loader-2-thread-1] lavalink.server.player.AudioLoader       : Loaded playlist Search results for: Melham_Music - Лисьи Бега
2022-04-07 12:35:55.759  INFO 12112 --- [XNIO-1 I/O-2] lavalink.server.io.SocketServer          : {"op":"play","guildId":"958080471563108372","track":"QAAAuAIAUk1lbGhhbV9NdXNpYyDigJQg0JvQmNCh0KzQmCDQkdCV0JPQkChvcmlnaW5hbCB0cmFjayttYXNoaW5pbWEpIEBlcmxpc2ggQEZyZWlzaCBQaWwADE1lbGhhbV9NdXNpYwAAAAAAAlWoAAtOMlZ5ak1BSUdJTQABACtodHRwczovL3d3dy55b3V0dWJlLmNvbS93YXRjaD92PU4yVnlqTUFJR0lNAAd5b3V0dWJlAAAAAAAAAAA="}
2022-04-07 12:38:28.374  INFO 12112 --- [XNIO-1 task-5] l.server.player.AudioLoaderRestHandler   : Got request to load for identifier "ytsearch:PlayaPhonk - Phonky Town"
2022-04-07 12:38:28.839  INFO 12112 --- [lava-daemon-pool-info-loader-2-thread-1] lavalink.server.player.AudioLoader       : Loaded playlist Search results for: PlayaPhonk - Phonky Town
2022-04-07 12:38:28.845  INFO 12112 --- [XNIO-1 I/O-2] lavalink.server.io.SocketServer          : {"op":"play","guildId":"958080471563108372","track":"QAAAkQIALVBsYXlhUGhvbmsgLSBQaG9ua3kgVG93biAoSGF1bnRlZCBWaXN1YWxpemVyKQAKUGxheWFQaG9uawAAAAAAAi6YAAtjWk9ZQWVGd1hCcwABACtodHRwczovL3d3dy55b3V0dWJlLmNvbS93YXRjaD92PWNaT1lBZUZ3WEJzAAd5b3V0dWJlAAAAAAAAAAA="}
2022-04-07 12:40:52.094  INFO 12112 --- [XNIO-1 task-7] l.server.player.AudioLoaderRestHandler   : Got request to load for identifier "ytsearch:League of Legends - Legends Never Die"
2022-04-07 12:40:52.610  INFO 12112 --- [lava-daemon-pool-info-loader-2-thread-1] lavalink.server.player.AudioLoader       : Loaded playlist Search results for: League of Legends - Legends Never Die
2022-04-07 12:40:52.619  INFO 12112 --- [XNIO-1 I/O-2] lavalink.server.io.SocketServer          : {"op":"play","guildId":"958080471563108372","track":"QAAAuAIATUxlZ2VuZHMgTmV2ZXIgRGllIChmdC4gQWdhaW5zdCBUaGUgQ3VycmVudCkgfCBXb3JsZHMgMjAxNyAtIExlYWd1ZSBvZiBMZWdlbmRzABFMZWFndWUgb2YgTGVnZW5kcwAAAAAAArs4AAtyNnpJR1h1bjU3VQABACtodHRwczovL3d3dy55b3V0dWJlLmNvbS93YXRjaD92PXI2eklHWHVuNTdVAAd5b3V0dWJlAAAAAAAAAAA="}
2022-04-07 12:43:52.174  INFO 12112 --- [XNIO-1 task-9] l.server.player.AudioLoaderRestHandler   : Got request to load for identifier "ytsearch:fem.love - Фотографирую закат"
2022-04-07 12:43:52.599  INFO 12112 --- [lava-daemon-pool-info-loader-2-thread-1] lavalink.server.player.AudioLoader       : Loaded playlist Search results for: fem.love - Фотографирую закат
2022-04-07 12:43:52.607  INFO 12112 --- [XNIO-1 I/O-2] lavalink.server.io.SocketServer          : {"op":"play","guildId":"958080471563108372","track":"QAAAjQIAI9Ck0L7RgtC+0LPRgNCw0YTQuNGA0YPRjiDQt9Cw0LrQsNGCABBmZW0ubG92ZSAtIFRvcGljAAAAAAACYWAAC1ljX0JIcS1iemFrAAEAK2h0dHBzOi8vd3d3LnlvdXR1YmUuY29tL3dhdGNoP3Y9WWNfQkhxLWJ6YWsAB3lvdXR1YmUAAAAAAAAAAA=="}
2022-04-07 12:46:29.374  INFO 12112 --- [XNIO-1 task-11] l.server.player.AudioLoaderRestHandler   : Got request to load for identifier "ytsearch:Tony Junior - Walk Away (feat. Jimmy Clash)"
2022-04-07 12:46:29.878  INFO 12112 --- [lava-daemon-pool-info-loader-2-thread-1] lavalink.server.player.AudioLoader       : Loaded playlist Search results for: Tony Junior - Walk Away (feat. Jimmy Clash)
2022-04-07 12:46:29.881  INFO 12112 --- [XNIO-1 I/O-2] lavalink.server.io.SocketServer          : {"op":"play","guildId":"958080471563108372","track":"QAAAqAIAOFRvbnkgSnVuaW9yICYgS1VSQSAtIFdhbGsgQXdheSBGdC4gSmltbXkgQ2xhc2ggW09VVCBOT1ddABZORVhUUkEgRUxFQ1RSw5MgTVVTSUMgAAAAAAACo8gAC1JVSHBjRkxhWFdZAAEAK2h0dHBzOi8vd3d3LnlvdXR1YmUuY29tL3dhdGNoP3Y9UlVIcGNGTGFYV1kAB3lvdXR1YmUAAAAAAAAAAA=="}
2022-04-07 12:49:22.575  INFO 12112 --- [XNIO-1 task-13] l.server.player.AudioLoaderRestHandler   : Got request to load for identifier "ytsearch:SNAILS - Deep In The Night"
2022-04-07 12:49:23.093  INFO 12112 --- [lava-daemon-pool-info-loader-2-thread-1] lavalink.server.player.AudioLoader       : Loaded playlist Search results for: SNAILS - Deep In The Night
2022-04-07 12:49:23.097  INFO 12112 --- [XNIO-1 I/O-2] lavalink.server.io.SocketServer          : {"op":"play","guildId":"958080471563108372","track":"QAAAiwIAK1NOQUlMUyAmIFBlZ2JvYXJkIE5lcmRzIC0gRGVlcCBJbiBUaGUgTmlnaHQABlNOQUlMUwAAAAAABDYgAAs2VENMbm5EMlozcwABACtodHRwczovL3d3dy55b3V0dWJlLmNvbS93YXRjaD92PTZUQ0xubkQyWjNzAAd5b3V0dWJlAAAAAAAAAAA="}
2022-04-07 12:53:58.935  INFO 12112 --- [XNIO-1 task-15] l.server.player.AudioLoaderRestHandler   : Got request to load for identifier "ytsearch:Haywyre - Insight"
2022-04-07 12:53:59.510  INFO 12112 --- [lava-daemon-pool-info-loader-2-thread-1] lavalink.server.player.AudioLoader       : Loaded playlist Search results for: Haywyre - Insight
2022-04-07 12:53:59.513  INFO 12112 --- [XNIO-1 I/O-2] lavalink.server.io.SocketServer          : {"op":"play","guildId":"958080471563108372","track":"QAAAaAIAB0luc2lnaHQAB0hheXd5cmUAAAAAAANjMAALRkZoRU1VakcxdlkAAQAraHR0cHM6Ly93d3cueW91dHViZS5jb20vd2F0Y2g/dj1GRmhFTVVqRzF2WQAHeW91dHViZQAAAAAAAAAA"}
2022-04-07 12:57:41.294  INFO 12112 --- [XNIO-1 task-1] l.server.player.AudioLoaderRestHandler   : Got request to load for identifier "ytsearch:Ricky Remedy - Road Rage (Go Stoopid) [feat. Bok Nero]"
2022-04-07 12:57:41.763  INFO 12112 --- [lava-daemon-pool-info-loader-2-thread-1] lavalink.server.player.AudioLoader       : Loaded playlist Search results for: Ricky Remedy - Road Rage (Go Stoopid) [feat. Bok Nero]
2022-04-07 12:57:41.771  INFO 12112 --- [XNIO-1 I/O-2] lavalink.server.io.SocketServer          : {"op":"play","guildId":"958080471563108372","track":"QAAAlwIANlJpY2t5IFJlbWVkeSAtIFJvYWQgUmFnZSAoR28gU3Rvb3BpZCkgW2ZlYXQuIEJvayBOZXJvXQAHRElNIE1BSwAAAAAAAsMIAAsyU2hEUTFsWURLcwABACtodHRwczovL3d3dy55b3V0dWJlLmNvbS93YXRjaD92PTJTaERRMWxZREtzAAd5b3V0dWJlAAAAAAAAAAA="}
2022-04-07 13:00:43.134  INFO 12112 --- [XNIO-1 task-3] l.server.player.AudioLoaderRestHandler   : Got request to load for identifier "ytsearch:DVRST - Close Eyes"
2022-04-07 13:00:43.563  INFO 12112 --- [lava-daemon-pool-info-loader-2-thread-1] lavalink.server.player.AudioLoader       : Loaded playlist Search results for: DVRST - Close Eyes
2022-04-07 13:00:43.568  INFO 12112 --- [XNIO-1 I/O-2] lavalink.server.io.SocketServer          : {"op":"play","guildId":"958080471563108372","track":"QAAAcQIAEkRWUlNUIC0gQ2xvc2UgRXllcwAFRFZSU1QAAAAAAAIHiAALYW80UkNvbjExZVkAAQAraHR0cHM6Ly93d3cueW91dHViZS5jb20vd2F0Y2g/dj1hbzRSQ29uMTFlWQAHeW91dHViZQAAAAAAAAAA"}
2022-04-07 13:02:56.494  INFO 12112 --- [XNIO-1 task-5] l.server.player.AudioLoaderRestHandler   : Got request to load for identifier "ytsearch:Gabry Ponte - Thunder"
2022-04-07 13:02:57.006  INFO 12112 --- [lava-daemon-pool-info-loader-2-thread-1] lavalink.server.player.AudioLoader       : Loaded playlist Search results for: Gabry Ponte - Thunder
2022-04-07 13:02:57.009  INFO 12112 --- [XNIO-1 I/O-2] lavalink.server.io.SocketServer          : {"op":"play","guildId":"958080471563108372","track":"QAAAiwIAJkdhYnJ5IFBvbnRlLCBMVU0hWCwgUHJlemlvc28gLSBUaHVuZGVyAAtHYWJyeSBQb250ZQAAAAAAAnToAAt2ZHpIbGJGSXRsdwABACtodHRwczovL3d3dy55b3V0dWJlLmNvbS93YXRjaD92PXZkekhsYkZJdGx3AAd5b3V0dWJlAAAAAAAAAAA="}
2022-04-07 13:05:37.494  INFO 12112 --- [XNIO-1 task-7] l.server.player.AudioLoaderRestHandler   : Got request to load for identifier "ytsearch:XI - Freedom Dive"
2022-04-07 13:05:37.971  INFO 12112 --- [lava-daemon-pool-info-loader-2-thread-1] lavalink.server.player.AudioLoader       : Loaded playlist Search results for: XI - Freedom Dive
2022-04-07 13:05:37.982  INFO 12112 --- [XNIO-1 I/O-2] lavalink.server.io.SocketServer          : {"op":"play","guildId":"958080471563108372","track":"QAAAcAIADEZyZWVkb20gRGl2ZQAKWGkgLSBUb3BpYwAAAAAABB6wAAtrLTN5MkxWRl9TRQABACtodHRwczovL3d3dy55b3V0dWJlLmNvbS93YXRjaD92PWstM3kyTFZGX1NFAAd5b3V0dWJlAAAAAAAAAAA="}
2022-04-07 13:10:08.094  INFO 12112 --- [XNIO-1 task-9] l.server.player.AudioLoaderRestHandler   : Got request to load for identifier "ytsearch:AronChupa - The Woodchuck Song"
2022-04-07 13:10:08.658  INFO 12112 --- [lava-daemon-pool-info-loader-2-thread-1] lavalink.server.player.AudioLoader       : Loaded playlist Search results for: AronChupa - The Woodchuck Song
2022-04-07 13:10:08.661  INFO 12112 --- [XNIO-1 I/O-2] lavalink.server.io.SocketServer          : {"op":"play","guildId":"958080471563108372","track":"QAAAnwIANkFyb25DaHVwYSAmIExpdHRsZSBTaXMgTm9yYSAtIFRoZSBXb29kY2h1Y2sgU29uZyB8IEZCTQAPRnV0dXJlIEJhc3MgTWl4AAAAAAACXXgACzFuSmlCLWx2aThJAAEAK2h0dHBzOi8vd3d3LnlvdXR1YmUuY29tL3dhdGNoP3Y9MW5KaUItbHZpOEkAB3lvdXR1YmUAAAAAAAAAAA=="}
2022-04-07 13:12:43.774  INFO 12112 --- [XNIO-1 task-11] l.server.player.AudioLoaderRestHandler   : Got request to load for identifier "ytsearch:Blasterjaxx - Symphony"
2022-04-07 13:12:44.246  INFO 12112 --- [lava-daemon-pool-info-loader-2-thread-1] lavalink.server.player.AudioLoader       : Loaded playlist Search results for: Blasterjaxx - Symphony
2022-04-07 13:12:44.249  INFO 12112 --- [XNIO-1 I/O-2] lavalink.server.io.SocketServer          : {"op":"play","guildId":"958080471563108372","track":"QAAAlQIAMEJMQVNURVJKQVhYIExJVkUgQCBCT09UU0hBVVMgfCAyMDIxIHwgW0ZVTEwgU0VUXQALQmxhc3RlcmpheHgAAAAAAFmtCAALeVFJdDFDNVlzWVkAAQAraHR0cHM6Ly93d3cueW91dHViZS5jb20vd2F0Y2g/dj15UUl0MUM1WXNZWQAHeW91dHViZQAAAAAAAAAA"}
2022-04-07 14:13:46.104  INFO 12112 --- [XNIO-1 I/O-2] lavalink.server.io.SocketServer          : {"op":"pause","guildId":"958080471563108372","pause":true}
2022-04-07 14:13:46.106  INFO 12112 --- [XNIO-1 I/O-2] lavalink.server.io.SocketServer          : {"op":"destroy","guildId":"958080471563108372"}
2022-04-07 14:32:53.721  INFO 12112 --- [XNIO-1 I/O-2] lavalink.server.io.SocketServer          : {"op":"volume","guildId":"724982780420685865","volume":100}
2022-04-07 14:32:53.723  INFO 12112 --- [XNIO-1 I/O-2] lavalink.server.io.SocketServer          : {"op":"stop","guildId":"724982780420685865"}
2022-04-07 14:32:53.729  INFO 12112 --- [XNIO-1 task-13] l.server.player.AudioLoaderRestHandler   : Got request to load for identifier "https://youtu.be/Yaw7Ofdez6c"
2022-04-07 14:32:53.973  INFO 12112 --- [lava-daemon-pool-info-loader-2-thread-1] lavalink.server.player.AudioLoader       : Loaded track Кишлак сборник песен
2022-04-07 14:32:53.981  INFO 12112 --- [XNIO-1 I/O-2] lavalink.server.io.SocketServer          : {"op":"play","guildId":"724982780420685865","track":"QAAAjAIAJtCa0LjRiNC70LDQuiDRgdCx0L7RgNC90LjQuiDQv9C10YHQtdC9AAxzb3VyZHJlYW1zc3MAAAAAACT42AALWWF3N09mZGV6NmMAAQAraHR0cHM6Ly93d3cueW91dHViZS5jb20vd2F0Y2g/dj1ZYXc3T2ZkZXo2YwAHeW91dHViZQAAAAAAAAAA"}
2022-04-07 14:32:53.984  INFO 12112 --- [XNIO-1 I/O-2] lavalink.server.io.SocketServer          : {"op":"volume","guildId":"724982780420685865","volume":20}
2022-04-07 14:32:53.993  INFO 12112 --- [XNIO-1 I/O-2] lavalink.server.io.SocketServer          : {"sessionId":"2526ed66a09c3de4ab9bef0c0178e2f7","op":"voiceUpdate","guildId":"724982780420685865","event":{"token":"64d76cf74ec61a39","guild_id":"724982780420685865","endpoint":"russia7540.discord.media:443"}}
2022-04-07 14:37:15.923  INFO 12112 --- [XNIO-1 I/O-2] lavalink.server.io.SocketServer          : {"op":"pause","guildId":"724982780420685865","pause":true}
2022-04-07 14:37:15.924  INFO 12112 --- [XNIO-1 I/O-2] lavalink.server.io.SocketServer          : {"op":"destroy","guildId":"724982780420685865"}
2022-04-07 18:02:22.116  INFO 12112 --- [XNIO-1 I/O-2] lavalink.server.io.SocketServer          : Connection closed from /127.0.0.1:57858 -- CloseStatus[code=1006, reason=]
2022-04-07 18:02:22.117  INFO 12112 --- [XNIO-1 I/O-2] lavalink.server.io.SocketContext         : Shutting down 0 playing players.
2022-04-07 18:02:22.150  INFO 12112 --- [XNIO-1 I/O-2] lavalink.server.io.SocketServer          : Connection closed from /127.0.0.1:47892 -- CloseStatus[code=1006, reason=]
2022-04-07 18:02:22.150  INFO 12112 --- [XNIO-1 I/O-2] lavalink.server.io.SocketContext         : Shutting down 0 playing players.
2022-04-07 18:02:22.150  INFO 12112 --- [XNIO-1 I/O-2] lavalink.server.io.SocketServer          : Connection closed from /127.0.0.1:57866 -- CloseStatus[code=1006, reason=]
2022-04-07 18:02:22.150  INFO 12112 --- [XNIO-1 I/O-2] lavalink.server.io.SocketContext         : Shutting down 0 playing players.
2022-04-07 18:02:22.163  INFO 12112 --- [XNIO-1 I/O-2] lavalink.server.io.SocketServer          : Connection closed from /127.0.0.1:33520 -- CloseStatus[code=1006, reason=]
2022-04-07 18:02:22.163  INFO 12112 --- [XNIO-1 I/O-2] lavalink.server.io.SocketContext         : Shutting down 0 playing players.
2022-04-07 18:02:22.163  INFO 12112 --- [XNIO-1 I/O-2] lavalink.server.io.SocketServer          : Connection closed from /127.0.0.1:57850 -- CloseStatus[code=1006, reason=]
2022-04-07 18:02:22.163  INFO 12112 --- [XNIO-1 I/O-2] lavalink.server.io.SocketContext         : Shutting down 0 playing players.
2022-04-07 18:02:22.278  INFO 12112 --- [Thread-1] o.s.s.concurrent.ThreadPoolTaskExecutor  : Shutting down ExecutorService 'applicationTaskExecutor'
2022-04-07 18:02:22.279  INFO 12112 --- [Thread-1] c.s.d.l.tools.GarbageCollectionMonitor   : GC monitoring disabled.
2022-04-07 18:02:22.306  INFO 12112 --- [Thread-1] io.undertow.servlet                      : Destroying Spring FrameworkServlet 'dispatcherServlet'
